{"C:\\Users\\Zeynep ÖZÇELİK\\Desktop\\Bilgisayar_Mühendisliğinde_Özel_Konular\\Proje2\\mini-crm\\src\\app.js": {"path":"C:\\Users\\Zeynep ÖZÇELİK\\Desktop\\Bilgisayar_Mühendisliğinde_Özel_Konular\\Proje2\\mini-crm\\src\\app.js","statementMap":{"0":{"start":{"line":1,"column":16},"end":{"line":1,"column":34}},"1":{"start":{"line":2,"column":15},"end":{"line":2,"column":38}},"2":{"start":{"line":4,"column":24},"end":{"line":4,"column":53}},"3":{"start":{"line":5,"column":21},"end":{"line":5,"column":47}},"4":{"start":{"line":7,"column":12},"end":{"line":7,"column":21}},"5":{"start":{"line":10,"column":0},"end":{"line":10,"column":24}},"6":{"start":{"line":13,"column":0},"end":{"line":16,"column":3}},"7":{"start":{"line":14,"column":2},"end":{"line":14,"column":42}},"8":{"start":{"line":15,"column":2},"end":{"line":15,"column":9}},"9":{"start":{"line":18,"column":0},"end":{"line":18,"column":43}},"10":{"start":{"line":19,"column":0},"end":{"line":19,"column":37}},"11":{"start":{"line":22,"column":0},"end":{"line":25,"column":3}},"12":{"start":{"line":23,"column":2},"end":{"line":23,"column":43}},"13":{"start":{"line":24,"column":2},"end":{"line":24,"column":55}},"14":{"start":{"line":27,"column":0},"end":{"line":27,"column":21}}},"fnMap":{"0":{"name":"(anonymous_0)","decl":{"start":{"line":13,"column":8},"end":{"line":13,"column":9}},"loc":{"start":{"line":13,"column":28},"end":{"line":16,"column":1}},"line":13},"1":{"name":"(anonymous_1)","decl":{"start":{"line":22,"column":8},"end":{"line":22,"column":9}},"loc":{"start":{"line":22,"column":33},"end":{"line":25,"column":1}},"line":22}},"branchMap":{},"s":{"0":1,"1":1,"2":1,"3":1,"4":1,"5":1,"6":1,"7":0,"8":0,"9":1,"10":1,"11":1,"12":0,"13":0,"14":1},"f":{"0":0,"1":0},"b":{},"_coverageSchema":"1a1c01bbd47fc00a2c39e90264f33305004495a9","hash":"33b04c57cb0b6276836473eefca1068efacb7b8e"}
,"C:\\Users\\Zeynep ÖZÇELİK\\Desktop\\Bilgisayar_Mühendisliğinde_Özel_Konular\\Proje2\\mini-crm\\src\\config\\index.js": {"path":"C:\\Users\\Zeynep ÖZÇELİK\\Desktop\\Bilgisayar_Mühendisliğinde_Özel_Konular\\Proje2\\mini-crm\\src\\config\\index.js","statementMap":{"0":{"start":{"line":2,"column":0},"end":{"line":2,"column":27}},"1":{"start":{"line":4,"column":17},"end":{"line":4,"column":54}},"2":{"start":{"line":6,"column":13},"end":{"line":24,"column":1}},"3":{"start":{"line":28,"column":21},"end":{"line":47,"column":1}},"4":{"start":{"line":50,"column":15},"end":{"line":53,"column":1}},"5":{"start":{"line":55,"column":0},"end":{"line":55,"column":24}}},"fnMap":{},"branchMap":{"0":{"loc":{"start":{"line":4,"column":17},"end":{"line":4,"column":54}},"type":"binary-expr","locations":[{"start":{"line":4,"column":17},"end":{"line":4,"column":37}},{"start":{"line":4,"column":41},"end":{"line":4,"column":54}}],"line":4},"1":{"loc":{"start":{"line":8,"column":17},"end":{"line":8,"column":41}},"type":"binary-expr","locations":[{"start":{"line":8,"column":17},"end":{"line":8,"column":33}},{"start":{"line":8,"column":37},"end":{"line":8,"column":41}}],"line":8},"2":{"loc":{"start":{"line":12,"column":11},"end":{"line":12,"column":43}},"type":"binary-expr","locations":[{"start":{"line":12,"column":11},"end":{"line":12,"column":32}},{"start":{"line":12,"column":36},"end":{"line":12,"column":43}}],"line":12},"3":{"loc":{"start":{"line":15,"column":13},"end":{"line":15,"column":49}},"type":"binary-expr","locations":[{"start":{"line":15,"column":13},"end":{"line":15,"column":35}},{"start":{"line":15,"column":39},"end":{"line":15,"column":49}}],"line":15},"4":{"loc":{"start":{"line":16,"column":10},"end":{"line":16,"column":44}},"type":"binary-expr","locations":[{"start":{"line":16,"column":10},"end":{"line":16,"column":29}},{"start":{"line":16,"column":33},"end":{"line":16,"column":44}}],"line":16},"5":{"loc":{"start":{"line":17,"column":17},"end":{"line":17,"column":44}},"type":"binary-expr","locations":[{"start":{"line":17,"column":17},"end":{"line":17,"column":36}},{"start":{"line":17,"column":40},"end":{"line":17,"column":44}}],"line":17},"6":{"loc":{"start":{"line":18,"column":14},"end":{"line":18,"column":47}},"type":"binary-expr","locations":[{"start":{"line":18,"column":14},"end":{"line":18,"column":33}},{"start":{"line":18,"column":37},"end":{"line":18,"column":47}}],"line":18},"7":{"loc":{"start":{"line":19,"column":14},"end":{"line":19,"column":47}},"type":"binary-expr","locations":[{"start":{"line":19,"column":14},"end":{"line":19,"column":33}},{"start":{"line":19,"column":37},"end":{"line":19,"column":47}}],"line":19},"8":{"loc":{"start":{"line":20,"column":14},"end":{"line":20,"column":41}},"type":"binary-expr","locations":[{"start":{"line":20,"column":14},"end":{"line":20,"column":33}},{"start":{"line":20,"column":37},"end":{"line":20,"column":41}}],"line":20},"9":{"loc":{"start":{"line":22,"column":13},"end":{"line":22,"column":78}},"type":"binary-expr","locations":[{"start":{"line":22,"column":14},"end":{"line":22,"column":47}},{"start":{"line":22,"column":52},"end":{"line":22,"column":78}}],"line":22},"10":{"loc":{"start":{"line":33,"column":24},"end":{"line":33,"column":48}},"type":"binary-expr","locations":[{"start":{"line":33,"column":24},"end":{"line":33,"column":40}},{"start":{"line":33,"column":44},"end":{"line":33,"column":48}}],"line":33},"11":{"loc":{"start":{"line":35,"column":16},"end":{"line":35,"column":54}},"type":"binary-expr","locations":[{"start":{"line":35,"column":16},"end":{"line":35,"column":35}},{"start":{"line":35,"column":39},"end":{"line":35,"column":54}}],"line":35},"12":{"loc":{"start":{"line":38,"column":21},"end":{"line":38,"column":52}},"type":"binary-expr","locations":[{"start":{"line":38,"column":21},"end":{"line":38,"column":42}},{"start":{"line":38,"column":46},"end":{"line":38,"column":52}}],"line":38},"13":{"loc":{"start":{"line":41,"column":24},"end":{"line":41,"column":48}},"type":"binary-expr","locations":[{"start":{"line":41,"column":24},"end":{"line":41,"column":40}},{"start":{"line":41,"column":44},"end":{"line":41,"column":48}}],"line":41},"14":{"loc":{"start":{"line":45,"column":21},"end":{"line":45,"column":52}},"type":"binary-expr","locations":[{"start":{"line":45,"column":21},"end":{"line":45,"column":42}},{"start":{"line":45,"column":46},"end":{"line":45,"column":52}}],"line":45},"15":{"loc":{"start":{"line":52,"column":6},"end":{"line":52,"column":34}},"type":"binary-expr","locations":[{"start":{"line":52,"column":6},"end":{"line":52,"column":28}},{"start":{"line":52,"column":32},"end":{"line":52,"column":34}}],"line":52}},"s":{"0":1,"1":1,"2":1,"3":1,"4":1,"5":1},"f":{},"b":{"0":[1,0],"1":[1,1],"2":[1,1],"3":[1,1],"4":[1,1],"5":[1,1],"6":[1,1],"7":[1,1],"8":[1,1],"9":[1,1],"10":[1,1],"11":[1,1],"12":[1,1],"13":[1,1],"14":[1,1],"15":[1,0]},"_coverageSchema":"1a1c01bbd47fc00a2c39e90264f33305004495a9","hash":"ac92b4eb6887fe5e029c6ef0b7cc265b64d2e17f"}
,"C:\\Users\\Zeynep ÖZÇELİK\\Desktop\\Bilgisayar_Mühendisliğinde_Özel_Konular\\Proje2\\mini-crm\\src\\controllers\\customers.js": {"path":"C:\\Users\\Zeynep ÖZÇELİK\\Desktop\\Bilgisayar_Mühendisliğinde_Özel_Konular\\Proje2\\mini-crm\\src\\controllers\\customers.js","statementMap":{"0":{"start":{"line":2,"column":35},"end":{"line":2,"column":63}},"1":{"start":{"line":3,"column":24},"end":{"line":3,"column":62}},"2":{"start":{"line":5,"column":0},"end":{"line":10,"column":2}},"3":{"start":{"line":12,"column":0},"end":{"line":23,"column":2}},"4":{"start":{"line":13,"column":17},"end":{"line":13,"column":38}},"5":{"start":{"line":14,"column":2},"end":{"line":14,"column":81}},"6":{"start":{"line":14,"column":25},"end":{"line":14,"column":81}},"7":{"start":{"line":16,"column":2},"end":{"line":22,"column":3}},"8":{"start":{"line":17,"column":20},"end":{"line":17,"column":58}},"9":{"start":{"line":18,"column":4},"end":{"line":18,"column":41}},"10":{"start":{"line":20,"column":4},"end":{"line":20,"column":48}},"11":{"start":{"line":21,"column":4},"end":{"line":21,"column":70}},"12":{"start":{"line":25,"column":0},"end":{"line":33,"column":2}},"13":{"start":{"line":26,"column":2},"end":{"line":32,"column":3}},"14":{"start":{"line":27,"column":22},"end":{"line":27,"column":50}},"15":{"start":{"line":28,"column":4},"end":{"line":28,"column":31}},"16":{"start":{"line":30,"column":4},"end":{"line":30,"column":47}},"17":{"start":{"line":31,"column":4},"end":{"line":31,"column":70}},"18":{"start":{"line":35,"column":0},"end":{"line":44,"column":2}},"19":{"start":{"line":36,"column":2},"end":{"line":43,"column":3}},"20":{"start":{"line":37,"column":21},"end":{"line":37,"column":65}},"21":{"start":{"line":38,"column":4},"end":{"line":38,"column":73}},"22":{"start":{"line":38,"column":19},"end":{"line":38,"column":73}},"23":{"start":{"line":39,"column":4},"end":{"line":39,"column":30}},"24":{"start":{"line":41,"column":4},"end":{"line":41,"column":45}},"25":{"start":{"line":42,"column":4},"end":{"line":42,"column":70}}},"fnMap":{"0":{"name":"(anonymous_0)","decl":{"start":{"line":12,"column":17},"end":{"line":12,"column":18}},"loc":{"start":{"line":12,"column":37},"end":{"line":23,"column":1}},"line":12},"1":{"name":"(anonymous_1)","decl":{"start":{"line":25,"column":15},"end":{"line":25,"column":16}},"loc":{"start":{"line":25,"column":35},"end":{"line":33,"column":1}},"line":25},"2":{"name":"(anonymous_2)","decl":{"start":{"line":35,"column":18},"end":{"line":35,"column":19}},"loc":{"start":{"line":35,"column":38},"end":{"line":44,"column":1}},"line":35}},"branchMap":{"0":{"loc":{"start":{"line":14,"column":2},"end":{"line":14,"column":81}},"type":"if","locations":[{"start":{"line":14,"column":2},"end":{"line":14,"column":81}},{"start":{},"end":{}}],"line":14},"1":{"loc":{"start":{"line":38,"column":4},"end":{"line":38,"column":73}},"type":"if","locations":[{"start":{"line":38,"column":4},"end":{"line":38,"column":73}},{"start":{},"end":{}}],"line":38}},"s":{"0":1,"1":1,"2":1,"3":1,"4":0,"5":0,"6":0,"7":0,"8":0,"9":0,"10":0,"11":0,"12":1,"13":0,"14":0,"15":0,"16":0,"17":0,"18":1,"19":0,"20":0,"21":0,"22":0,"23":0,"24":0,"25":0},"f":{"0":0,"1":0,"2":0},"b":{"0":[0,0],"1":[0,0]},"_coverageSchema":"1a1c01bbd47fc00a2c39e90264f33305004495a9","hash":"184bfa7329de9736fdb706e31c652edce5139dd6"}
,"C:\\Users\\Zeynep ÖZÇELİK\\Desktop\\Bilgisayar_Mühendisliğinde_Özel_Konular\\Proje2\\mini-crm\\src\\controllers\\orders.js": {"path":"C:\\Users\\Zeynep ÖZÇELİK\\Desktop\\Bilgisayar_Mühendisliğinde_Özel_Konular\\Proje2\\mini-crm\\src\\controllers\\orders.js","statementMap":{"0":{"start":{"line":1,"column":35},"end":{"line":1,"column":63}},"1":{"start":{"line":2,"column":21},"end":{"line":2,"column":56}},"2":{"start":{"line":5,"column":0},"end":{"line":8,"column":2}},"3":{"start":{"line":10,"column":0},"end":{"line":21,"column":2}},"4":{"start":{"line":11,"column":17},"end":{"line":11,"column":38}},"5":{"start":{"line":12,"column":2},"end":{"line":12,"column":81}},"6":{"start":{"line":12,"column":25},"end":{"line":12,"column":81}},"7":{"start":{"line":14,"column":2},"end":{"line":20,"column":3}},"8":{"start":{"line":15,"column":20},"end":{"line":15,"column":55}},"9":{"start":{"line":16,"column":4},"end":{"line":16,"column":41}},"10":{"start":{"line":18,"column":4},"end":{"line":18,"column":45}},"11":{"start":{"line":19,"column":4},"end":{"line":19,"column":70}},"12":{"start":{"line":23,"column":0},"end":{"line":31,"column":2}},"13":{"start":{"line":24,"column":2},"end":{"line":30,"column":3}},"14":{"start":{"line":25,"column":19},"end":{"line":25,"column":44}},"15":{"start":{"line":26,"column":4},"end":{"line":26,"column":28}},"16":{"start":{"line":28,"column":4},"end":{"line":28,"column":44}},"17":{"start":{"line":29,"column":4},"end":{"line":29,"column":70}}},"fnMap":{"0":{"name":"(anonymous_0)","decl":{"start":{"line":10,"column":17},"end":{"line":10,"column":18}},"loc":{"start":{"line":10,"column":37},"end":{"line":21,"column":1}},"line":10},"1":{"name":"(anonymous_1)","decl":{"start":{"line":23,"column":15},"end":{"line":23,"column":16}},"loc":{"start":{"line":23,"column":35},"end":{"line":31,"column":1}},"line":23}},"branchMap":{"0":{"loc":{"start":{"line":12,"column":2},"end":{"line":12,"column":81}},"type":"if","locations":[{"start":{"line":12,"column":2},"end":{"line":12,"column":81}},{"start":{},"end":{}}],"line":12}},"s":{"0":1,"1":1,"2":1,"3":1,"4":0,"5":0,"6":0,"7":0,"8":0,"9":0,"10":0,"11":0,"12":1,"13":0,"14":0,"15":0,"16":0,"17":0},"f":{"0":0,"1":0},"b":{"0":[0,0]},"_coverageSchema":"1a1c01bbd47fc00a2c39e90264f33305004495a9","hash":"eefa361a94fc2efca21a39aa3b91ce79084cbb3e"}
,"C:\\Users\\Zeynep ÖZÇELİK\\Desktop\\Bilgisayar_Mühendisliğinde_Özel_Konular\\Proje2\\mini-crm\\src\\lib\\logger.js": {"path":"C:\\Users\\Zeynep ÖZÇELİK\\Desktop\\Bilgisayar_Mühendisliğinde_Özel_Konular\\Proje2\\mini-crm\\src\\lib\\logger.js","statementMap":{"0":{"start":{"line":1,"column":45},"end":{"line":1,"column":63}},"1":{"start":{"line":3,"column":15},"end":{"line":19,"column":2}},"2":{"start":{"line":9,"column":6},"end":{"line":11,"column":7}},"3":{"start":{"line":10,"column":8},"end":{"line":10,"column":63}},"4":{"start":{"line":12,"column":6},"end":{"line":12,"column":50}},"5":{"start":{"line":22,"column":0},"end":{"line":22,"column":24}}},"fnMap":{"0":{"name":"(anonymous_0)","decl":{"start":{"line":8,"column":18},"end":{"line":8,"column":19}},"loc":{"start":{"line":8,"column":60},"end":{"line":13,"column":5}},"line":8}},"branchMap":{"0":{"loc":{"start":{"line":4,"column":9},"end":{"line":4,"column":41}},"type":"binary-expr","locations":[{"start":{"line":4,"column":9},"end":{"line":4,"column":30}},{"start":{"line":4,"column":34},"end":{"line":4,"column":41}}],"line":4},"1":{"loc":{"start":{"line":9,"column":6},"end":{"line":11,"column":7}},"type":"if","locations":[{"start":{"line":9,"column":6},"end":{"line":11,"column":7}},{"start":{},"end":{}}],"line":9}},"s":{"0":1,"1":1,"2":0,"3":0,"4":0,"5":1},"f":{"0":0},"b":{"0":[1,1],"1":[0,0]},"_coverageSchema":"1a1c01bbd47fc00a2c39e90264f33305004495a9","hash":"451eb7008d6a154ea302225ee4f44d2e09c61527"}
,"C:\\Users\\Zeynep ÖZÇELİK\\Desktop\\Bilgisayar_Mühendisliğinde_Özel_Konular\\Proje2\\mini-crm\\src\\models\\customer.js": {"path":"C:\\Users\\Zeynep ÖZÇELİK\\Desktop\\Bilgisayar_Mühendisliğinde_Özel_Konular\\Proje2\\mini-crm\\src\\models\\customer.js","statementMap":{"0":{"start":{"line":2,"column":0},"end":{"line":43,"column":2}},"1":{"start":{"line":3,"column":19},"end":{"line":40,"column":4}},"2":{"start":{"line":42,"column":2},"end":{"line":42,"column":18}}},"fnMap":{"0":{"name":"(anonymous_0)","decl":{"start":{"line":2,"column":17},"end":{"line":2,"column":18}},"loc":{"start":{"line":2,"column":43},"end":{"line":43,"column":1}},"line":2}},"branchMap":{},"s":{"0":1,"1":1,"2":1},"f":{"0":1},"b":{},"_coverageSchema":"1a1c01bbd47fc00a2c39e90264f33305004495a9","hash":"e553feaa92c6a217bd531e9c2cefae6f8b26aad4"}
,"C:\\Users\\Zeynep ÖZÇELİK\\Desktop\\Bilgisayar_Mühendisliğinde_Özel_Konular\\Proje2\\mini-crm\\src\\models\\index.js": {"path":"C:\\Users\\Zeynep ÖZÇELİK\\Desktop\\Bilgisayar_Mühendisliğinde_Özel_Konular\\Proje2\\mini-crm\\src\\models\\index.js","statementMap":{"0":{"start":{"line":2,"column":22},"end":{"line":2,"column":42}},"1":{"start":{"line":3,"column":15},"end":{"line":3,"column":35}},"2":{"start":{"line":4,"column":15},"end":{"line":4,"column":39}},"3":{"start":{"line":10,"column":0},"end":{"line":27,"column":1}},"4":{"start":{"line":11,"column":2},"end":{"line":14,"column":5}},"5":{"start":{"line":13,"column":42},"end":{"line":13,"column":59}},"6":{"start":{"line":16,"column":2},"end":{"line":26,"column":4}},"7":{"start":{"line":24,"column":44},"end":{"line":24,"column":61}},"8":{"start":{"line":29,"column":11},"end":{"line":29,"column":13}},"9":{"start":{"line":30,"column":0},"end":{"line":30,"column":25}},"10":{"start":{"line":31,"column":0},"end":{"line":31,"column":25}},"11":{"start":{"line":33,"column":0},"end":{"line":33,"column":68}},"12":{"start":{"line":34,"column":0},"end":{"line":34,"column":62}},"13":{"start":{"line":36,"column":0},"end":{"line":36,"column":60}},"14":{"start":{"line":37,"column":0},"end":{"line":37,"column":62}},"15":{"start":{"line":39,"column":0},"end":{"line":39,"column":20}}},"fnMap":{"0":{"name":"(anonymous_0)","decl":{"start":{"line":13,"column":33},"end":{"line":13,"column":34}},"loc":{"start":{"line":13,"column":42},"end":{"line":13,"column":59}},"line":13},"1":{"name":"(anonymous_1)","decl":{"start":{"line":24,"column":35},"end":{"line":24,"column":36}},"loc":{"start":{"line":24,"column":44},"end":{"line":24,"column":61}},"line":24}},"branchMap":{"0":{"loc":{"start":{"line":10,"column":0},"end":{"line":27,"column":1}},"type":"if","locations":[{"start":{"line":10,"column":0},"end":{"line":27,"column":1}},{"start":{"line":15,"column":7},"end":{"line":27,"column":1}}],"line":10},"1":{"loc":{"start":{"line":10,"column":4},"end":{"line":10,"column":58}},"type":"binary-expr","locations":[{"start":{"line":10,"column":4},"end":{"line":10,"column":30}},{"start":{"line":10,"column":34},"end":{"line":10,"column":58}}],"line":10},"2":{"loc":{"start":{"line":12,"column":13},"end":{"line":12,"column":44}},"type":"binary-expr","locations":[{"start":{"line":12,"column":13},"end":{"line":12,"column":30}},{"start":{"line":12,"column":34},"end":{"line":12,"column":44}}],"line":12},"3":{"loc":{"start":{"line":13,"column":13},"end":{"line":13,"column":67}},"type":"cond-expr","locations":[{"start":{"line":13,"column":33},"end":{"line":13,"column":59}},{"start":{"line":13,"column":62},"end":{"line":13,"column":67}}],"line":13},"4":{"loc":{"start":{"line":23,"column":15},"end":{"line":23,"column":46}},"type":"binary-expr","locations":[{"start":{"line":23,"column":15},"end":{"line":23,"column":32}},{"start":{"line":23,"column":36},"end":{"line":23,"column":46}}],"line":23},"5":{"loc":{"start":{"line":24,"column":15},"end":{"line":24,"column":69}},"type":"cond-expr","locations":[{"start":{"line":24,"column":35},"end":{"line":24,"column":61}},{"start":{"line":24,"column":64},"end":{"line":24,"column":69}}],"line":24}},"s":{"0":1,"1":1,"2":1,"3":1,"4":0,"5":0,"6":1,"7":0,"8":1,"9":1,"10":1,"11":1,"12":1,"13":1,"14":1,"15":1},"f":{"0":0,"1":0},"b":{"0":[0,1],"1":[1,0],"2":[0,0],"3":[0,0],"4":[1,1],"5":[0,1]},"_coverageSchema":"1a1c01bbd47fc00a2c39e90264f33305004495a9","hash":"82e400aff5c7c7c3eb7e7c7cf3b2c0fb8fe4772d"}
,"C:\\Users\\Zeynep ÖZÇELİK\\Desktop\\Bilgisayar_Mühendisliğinde_Özel_Konular\\Proje2\\mini-crm\\src\\models\\order.js": {"path":"C:\\Users\\Zeynep ÖZÇELİK\\Desktop\\Bilgisayar_Mühendisliğinde_Özel_Konular\\Proje2\\mini-crm\\src\\models\\order.js","statementMap":{"0":{"start":{"line":1,"column":0},"end":{"line":30,"column":2}},"1":{"start":{"line":2,"column":16},"end":{"line":27,"column":4}},"2":{"start":{"line":29,"column":2},"end":{"line":29,"column":15}}},"fnMap":{"0":{"name":"(anonymous_0)","decl":{"start":{"line":1,"column":17},"end":{"line":1,"column":18}},"loc":{"start":{"line":1,"column":43},"end":{"line":30,"column":1}},"line":1}},"branchMap":{},"s":{"0":1,"1":1,"2":1},"f":{"0":1},"b":{},"_coverageSchema":"1a1c01bbd47fc00a2c39e90264f33305004495a9","hash":"6f2ef2cb2d35a6872d510d0984d0feee6452a019"}
,"C:\\Users\\Zeynep ÖZÇELİK\\Desktop\\Bilgisayar_Mühendisliğinde_Özel_Konular\\Proje2\\mini-crm\\src\\routes\\customers.js": {"path":"C:\\Users\\Zeynep ÖZÇELİK\\Desktop\\Bilgisayar_Mühendisliğinde_Özel_Konular\\Proje2\\mini-crm\\src\\routes\\customers.js","statementMap":{"0":{"start":{"line":2,"column":16},"end":{"line":2,"column":34}},"1":{"start":{"line":3,"column":15},"end":{"line":3,"column":31}},"2":{"start":{"line":4,"column":22},"end":{"line":4,"column":57}},"3":{"start":{"line":6,"column":0},"end":{"line":6,"column":71}},"4":{"start":{"line":7,"column":0},"end":{"line":7,"column":36}},"5":{"start":{"line":8,"column":0},"end":{"line":8,"column":42}},"6":{"start":{"line":10,"column":0},"end":{"line":10,"column":24}}},"fnMap":{},"branchMap":{},"s":{"0":1,"1":1,"2":1,"3":1,"4":1,"5":1,"6":1},"f":{},"b":{},"_coverageSchema":"1a1c01bbd47fc00a2c39e90264f33305004495a9","hash":"a9d90323bd35ac8f50bf1cd2e7c659bafc5e1855"}
,"C:\\Users\\Zeynep ÖZÇELİK\\Desktop\\Bilgisayar_Mühendisliğinde_Özel_Konular\\Proje2\\mini-crm\\src\\routes\\orders.js": {"path":"C:\\Users\\Zeynep ÖZÇELİK\\Desktop\\Bilgisayar_Mühendisliğinde_Özel_Konular\\Proje2\\mini-crm\\src\\routes\\orders.js","statementMap":{"0":{"start":{"line":1,"column":16},"end":{"line":1,"column":34}},"1":{"start":{"line":2,"column":15},"end":{"line":2,"column":31}},"2":{"start":{"line":3,"column":24},"end":{"line":3,"column":56}},"3":{"start":{"line":8,"column":0},"end":{"line":8,"column":38}},"4":{"start":{"line":11,"column":0},"end":{"line":11,"column":75}},"5":{"start":{"line":13,"column":0},"end":{"line":13,"column":24}}},"fnMap":{},"branchMap":{},"s":{"0":1,"1":1,"2":1,"3":1,"4":1,"5":1},"f":{},"b":{},"_coverageSchema":"1a1c01bbd47fc00a2c39e90264f33305004495a9","hash":"30f3f37edc4250c0ca9f07d4b5fd07e54fe3797c"}
,"C:\\Users\\Zeynep ÖZÇELİK\\Desktop\\Bilgisayar_Mühendisliğinde_Özel_Konular\\Proje2\\mini-crm\\src\\services\\customerService.js": {"path":"C:\\Users\\Zeynep ÖZÇELİK\\Desktop\\Bilgisayar_Mühendisliğinde_Özel_Konular\\Proje2\\mini-crm\\src\\services\\customerService.js","statementMap":{"0":{"start":{"line":2,"column":21},"end":{"line":2,"column":41}},"1":{"start":{"line":4,"column":0},"end":{"line":13,"column":2}},"2":{"start":{"line":5,"column":18},"end":{"line":11,"column":4}},"3":{"start":{"line":12,"column":2},"end":{"line":12,"column":26}},"4":{"start":{"line":15,"column":0},"end":{"line":18,"column":2}},"5":{"start":{"line":16,"column":15},"end":{"line":16,"column":65}},"6":{"start":{"line":17,"column":2},"end":{"line":17,"column":37}},"7":{"start":{"line":17,"column":25},"end":{"line":17,"column":35}},"8":{"start":{"line":20,"column":0},"end":{"line":23,"column":2}},"9":{"start":{"line":21,"column":14},"end":{"line":21,"column":41}},"10":{"start":{"line":22,"column":2},"end":{"line":22,"column":35}}},"fnMap":{"0":{"name":"(anonymous_0)","decl":{"start":{"line":4,"column":17},"end":{"line":4,"column":18}},"loc":{"start":{"line":4,"column":36},"end":{"line":13,"column":1}},"line":4},"1":{"name":"(anonymous_1)","decl":{"start":{"line":15,"column":15},"end":{"line":15,"column":16}},"loc":{"start":{"line":15,"column":27},"end":{"line":18,"column":1}},"line":15},"2":{"name":"(anonymous_2)","decl":{"start":{"line":17,"column":18},"end":{"line":17,"column":19}},"loc":{"start":{"line":17,"column":25},"end":{"line":17,"column":35}},"line":17},"3":{"name":"(anonymous_3)","decl":{"start":{"line":20,"column":18},"end":{"line":20,"column":19}},"loc":{"start":{"line":20,"column":32},"end":{"line":23,"column":1}},"line":20}},"branchMap":{"0":{"loc":{"start":{"line":22,"column":9},"end":{"line":22,"column":34}},"type":"cond-expr","locations":[{"start":{"line":22,"column":15},"end":{"line":22,"column":27}},{"start":{"line":22,"column":30},"end":{"line":22,"column":34}}],"line":22}},"s":{"0":1,"1":1,"2":0,"3":0,"4":1,"5":0,"6":0,"7":0,"8":1,"9":0,"10":0},"f":{"0":0,"1":0,"2":0,"3":0},"b":{"0":[0,0]},"_coverageSchema":"1a1c01bbd47fc00a2c39e90264f33305004495a9","hash":"1df519c90ff353601ff83c98a77ded1538369337"}
,"C:\\Users\\Zeynep ÖZÇELİK\\Desktop\\Bilgisayar_Mühendisliğinde_Özel_Konular\\Proje2\\mini-crm\\src\\services\\orderService.js": {"path":"C:\\Users\\Zeynep ÖZÇELİK\\Desktop\\Bilgisayar_Mühendisliğinde_Özel_Konular\\Proje2\\mini-crm\\src\\services\\orderService.js","statementMap":{"0":{"start":{"line":1,"column":18},"end":{"line":1,"column":38}},"1":{"start":{"line":3,"column":0},"end":{"line":7,"column":2}},"2":{"start":{"line":5,"column":18},"end":{"line":5,"column":45}},"3":{"start":{"line":6,"column":2},"end":{"line":6,"column":26}},"4":{"start":{"line":9,"column":0},"end":{"line":12,"column":2}},"5":{"start":{"line":10,"column":15},"end":{"line":10,"column":63}},"6":{"start":{"line":11,"column":2},"end":{"line":11,"column":37}},"7":{"start":{"line":11,"column":25},"end":{"line":11,"column":35}},"8":{"start":{"line":14,"column":0},"end":{"line":17,"column":2}},"9":{"start":{"line":15,"column":14},"end":{"line":15,"column":38}},"10":{"start":{"line":16,"column":2},"end":{"line":16,"column":35}}},"fnMap":{"0":{"name":"(anonymous_0)","decl":{"start":{"line":3,"column":17},"end":{"line":3,"column":18}},"loc":{"start":{"line":3,"column":36},"end":{"line":7,"column":1}},"line":3},"1":{"name":"(anonymous_1)","decl":{"start":{"line":9,"column":15},"end":{"line":9,"column":16}},"loc":{"start":{"line":9,"column":27},"end":{"line":12,"column":1}},"line":9},"2":{"name":"(anonymous_2)","decl":{"start":{"line":11,"column":18},"end":{"line":11,"column":19}},"loc":{"start":{"line":11,"column":25},"end":{"line":11,"column":35}},"line":11},"3":{"name":"(anonymous_3)","decl":{"start":{"line":14,"column":18},"end":{"line":14,"column":19}},"loc":{"start":{"line":14,"column":32},"end":{"line":17,"column":1}},"line":14}},"branchMap":{"0":{"loc":{"start":{"line":16,"column":9},"end":{"line":16,"column":34}},"type":"cond-expr","locations":[{"start":{"line":16,"column":15},"end":{"line":16,"column":27}},{"start":{"line":16,"column":30},"end":{"line":16,"column":34}}],"line":16}},"s":{"0":1,"1":1,"2":0,"3":0,"4":1,"5":0,"6":0,"7":0,"8":1,"9":0,"10":0},"f":{"0":0,"1":0,"2":0,"3":0},"b":{"0":[0,0]},"_coverageSchema":"1a1c01bbd47fc00a2c39e90264f33305004495a9","hash":"2d1257b03e634cea241d635432eaea5c7c720b96"}
}
