TN:
SF:src\app.js
FN:13,(anonymous_0)
FN:22,(anonymous_1)
FNF:2
FNH:0
FNDA:0,(anonymous_0)
FNDA:0,(anonymous_1)
DA:1,1
DA:2,1
DA:4,1
DA:5,1
DA:7,1
DA:10,1
DA:13,1
DA:14,0
DA:15,0
DA:18,1
DA:19,1
DA:22,1
DA:23,0
DA:24,0
DA:27,1
LF:15
LH:11
BRF:0
BRH:0
end_of_record
TN:
SF:src\config\index.js
FNF:0
FNH:0
DA:2,1
DA:4,1
DA:6,1
DA:28,1
DA:50,1
DA:55,1
LF:6
LH:6
BRDA:4,0,0,1
BRDA:4,0,1,0
BRDA:8,1,0,1
BRDA:8,1,1,1
BRDA:12,2,0,1
BRDA:12,2,1,1
BRDA:15,3,0,1
BRDA:15,3,1,1
BRDA:16,4,0,1
BRDA:16,4,1,1
BRDA:17,5,0,1
BRDA:17,5,1,1
BRDA:18,6,0,1
BRDA:18,6,1,1
BRDA:19,7,0,1
BRDA:19,7,1,1
BRDA:20,8,0,1
BRDA:20,8,1,1
BRDA:22,9,0,1
BRDA:22,9,1,1
BRDA:33,10,0,1
BRDA:33,10,1,1
BRDA:35,11,0,1
BRDA:35,11,1,1
BRDA:38,12,0,1
BRDA:38,12,1,1
BRDA:41,13,0,1
BRDA:41,13,1,1
BRDA:45,14,0,1
BRDA:45,14,1,1
BRDA:52,15,0,1
BRDA:52,15,1,0
BRF:32
BRH:30
end_of_record
TN:
SF:src\controllers\customers.js
FN:12,(anonymous_0)
FN:25,(anonymous_1)
FN:35,(anonymous_2)
FNF:3
FNH:0
FNDA:0,(anonymous_0)
FNDA:0,(anonymous_1)
FNDA:0,(anonymous_2)
DA:2,1
DA:3,1
DA:5,1
DA:12,1
DA:13,0
DA:14,0
DA:16,0
DA:17,0
DA:18,0
DA:20,0
DA:21,0
DA:25,1
DA:26,0
DA:27,0
DA:28,0
DA:30,0
DA:31,0
DA:35,1
DA:36,0
DA:37,0
DA:38,0
DA:39,0
DA:41,0
DA:42,0
LF:24
LH:6
BRDA:14,0,0,0
BRDA:14,0,1,0
BRDA:38,1,0,0
BRDA:38,1,1,0
BRF:4
BRH:0
end_of_record
TN:
SF:src\controllers\orders.js
FN:10,(anonymous_0)
FN:23,(anonymous_1)
FNF:2
FNH:0
FNDA:0,(anonymous_0)
FNDA:0,(anonymous_1)
DA:1,1
DA:2,1
DA:5,1
DA:10,1
DA:11,0
DA:12,0
DA:14,0
DA:15,0
DA:16,0
DA:18,0
DA:19,0
DA:23,1
DA:24,0
DA:25,0
DA:26,0
DA:28,0
DA:29,0
LF:17
LH:5
BRDA:12,0,0,0
BRDA:12,0,1,0
BRF:2
BRH:0
end_of_record
TN:
SF:src\lib\logger.js
FN:8,(anonymous_0)
FNF:1
FNH:0
FNDA:0,(anonymous_0)
DA:1,1
DA:3,1
DA:9,0
DA:10,0
DA:12,0
DA:22,1
LF:6
LH:3
BRDA:4,0,0,1
BRDA:4,0,1,1
BRDA:9,1,0,0
BRDA:9,1,1,0
BRF:4
BRH:2
end_of_record
TN:
SF:src\models\customer.js
FN:2,(anonymous_0)
FNF:1
FNH:1
FNDA:1,(anonymous_0)
DA:2,1
DA:3,1
DA:42,1
LF:3
LH:3
BRF:0
BRH:0
end_of_record
TN:
SF:src\models\index.js
FN:13,(anonymous_0)
FN:24,(anonymous_1)
FNF:2
FNH:0
FNDA:0,(anonymous_0)
FNDA:0,(anonymous_1)
DA:2,1
DA:3,1
DA:4,1
DA:10,1
DA:11,0
DA:13,0
DA:16,1
DA:24,0
DA:29,1
DA:30,1
DA:31,1
DA:33,1
DA:34,1
DA:36,1
DA:37,1
DA:39,1
LF:16
LH:13
BRDA:10,0,0,0
BRDA:10,0,1,1
BRDA:10,1,0,1
BRDA:10,1,1,0
BRDA:12,2,0,0
BRDA:12,2,1,0
BRDA:13,3,0,0
BRDA:13,3,1,0
BRDA:23,4,0,1
BRDA:23,4,1,1
BRDA:24,5,0,0
BRDA:24,5,1,1
BRF:12
BRH:5
end_of_record
TN:
SF:src\models\order.js
FN:1,(anonymous_0)
FNF:1
FNH:1
FNDA:1,(anonymous_0)
DA:1,1
DA:2,1
DA:29,1
LF:3
LH:3
BRF:0
BRH:0
end_of_record
TN:
SF:src\routes\customers.js
FNF:0
FNH:0
DA:2,1
DA:3,1
DA:4,1
DA:6,1
DA:7,1
DA:8,1
DA:10,1
LF:7
LH:7
BRF:0
BRH:0
end_of_record
TN:
SF:src\routes\orders.js
FNF:0
FNH:0
DA:1,1
DA:2,1
DA:3,1
DA:8,1
DA:11,1
DA:13,1
LF:6
LH:6
BRF:0
BRH:0
end_of_record
TN:
SF:src\services\customerService.js
FN:4,(anonymous_0)
FN:15,(anonymous_1)
FN:17,(anonymous_2)
FN:20,(anonymous_3)
FNF:4
FNH:0
FNDA:0,(anonymous_0)
FNDA:0,(anonymous_1)
FNDA:0,(anonymous_2)
FNDA:0,(anonymous_3)
DA:2,1
DA:4,1
DA:5,0
DA:12,0
DA:15,1
DA:16,0
DA:17,0
DA:20,1
DA:21,0
DA:22,0
LF:10
LH:4
BRDA:22,0,0,0
BRDA:22,0,1,0
BRF:2
BRH:0
end_of_record
TN:
SF:src\services\orderService.js
FN:3,(anonymous_0)
FN:9,(anonymous_1)
FN:11,(anonymous_2)
FN:14,(anonymous_3)
FNF:4
FNH:0
FNDA:0,(anonymous_0)
FNDA:0,(anonymous_1)
FNDA:0,(anonymous_2)
FNDA:0,(anonymous_3)
DA:1,1
DA:3,1
DA:5,0
DA:6,0
DA:9,1
DA:10,0
DA:11,0
DA:14,1
DA:15,0
DA:16,0
LF:10
LH:4
BRDA:16,0,0,0
BRDA:16,0,1,0
BRF:2
BRH:0
end_of_record
